# JRE version: OpenJDK Runtime Environment (8.0_112-b06) (build 1.8.0_112-release-b06)
# Java VM: OpenJDK 64-Bit Server VM (25.112-b06 mixed mode windows-amd64 compressed oops)
Heap:
 PSYoungGen      total 173056K, used 16838K [0x00000000e0000000, 0x00000000f0f80000, 0x0000000100000000)
  eden space 156160K, 1% used [0x00000000e0000000,0x00000000e02e0128,0x00000000e9880000)
  from space 16896K, 82% used [0x00000000e9880000,0x00000000ea611a78,0x00000000ea900000)
  to   space 17920K, 0% used [0x00000000efe00000,0x00000000efe00000,0x00000000f0f80000)
 ParOldGen       total 104960K, used 19135K [0x00000000a0000000, 0x00000000a6680000, 0x00000000e0000000)
  object space 104960K, 18% used [0x00000000a0000000,0x00000000a12aff50,0x00000000a6680000)
 Metaspace       used 45893K, capacity 46866K, committed 47104K, reserved 1089536K
  class space    used 6049K, capacity 6285K, committed 6400K, reserved 1048576K
GC Heap History (10 events):
Event: 5.967 GC heap before
{Heap before GC invocations=5 (full 1):
 PSYoungGen      total 71680K, used 66560K [0x00000000e0000000, 0x00000000e8c00000, 0x0000000100000000)
  eden space 66560K, 100% used [0x00000000e0000000,0x00000000e4100000,0x00000000e4100000)
  from space 5120K, 0% used [0x00000000e4100000,0x00000000e4100000,0x00000000e4600000)
  to   space 5120K, 0% used [0x00000000e8700000,0x00000000e8700000,0x00000000e8c00000)
 ParOldGen       total 71168K, used 12878K [0x00000000a0000000, 0x00000000a4580000, 0x00000000e0000000)
  object space 71168K, 18% used [0x00000000a0000000,0x00000000a0c938c0,0x00000000a4580000)
 Metaspace       used 26478K, capacity 26958K, committed 27136K, reserved 1073152K
  class space    used 3645K, capacity 3780K, committed 3840K, reserved 1048576K
Event: 6.037 GC heap after
Heap after GC invocations=5 (full 1):
 PSYoungGen      total 109056K, used 5119K [0x00000000e0000000, 0x00000000e8c00000, 0x0000000100000000)
  eden space 103936K, 0% used [0x00000000e0000000,0x00000000e0000000,0x00000000e6580000)
  from space 5120K, 99% used [0x00000000e8700000,0x00000000e8bfffc8,0x00000000e8c00000)
  to   space 5120K, 0% used [0x00000000e8200000,0x00000000e8200000,0x00000000e8700000)
 ParOldGen       total 71168K, used 15960K [0x00000000a0000000, 0x00000000a4580000, 0x00000000e0000000)
  object space 71168K, 22% used [0x00000000a0000000,0x00000000a0f962c0,0x00000000a4580000)
 Metaspace       used 26478K, capacity 26958K, committed 27136K, reserved 1073152K
  class space    used 3645K, capacity 3780K, committed 3840K, reserved 1048576K
}
Event: 8.975 GC heap before
{Heap before GC invocations=6 (full 1):
 PSYoungGen      total 109056K, used 109055K [0x00000000e0000000, 0x00000000e8c00000, 0x0000000100000000)
  eden space 103936K, 100% used [0x00000000e0000000,0x00000000e6580000,0x00000000e6580000)
  from space 5120K, 99% used [0x00000000e8700000,0x00000000e8bfffc8,0x00000000e8c00000)
  to   space 5120K, 0% used [0x00000000e8200000,0x00000000e8200000,0x00000000e8700000)
 ParOldGen       total 71168K, used 15960K [0x00000000a0000000, 0x00000000a4580000, 0x00000000e0000000)
  object space 71168K, 22% used [0x00000000a0000000,0x00000000a0f962c0,0x00000000a4580000)
 Metaspace       used 34564K, capacity 35296K, committed 35416K, reserved 1079296K
  class space    used 4601K, capacity 4807K, committed 4864K, reserved 1048576K
Event: 9.002 GC heap after
Heap after GC invocations=6 (full 1):
 PSYoungGen      total 138240K, used 5108K [0x00000000e0000000, 0x00000000eb800000, 0x0000000100000000)
  eden space 133120K, 0% used [0x00000000e0000000,0x00000000e0000000,0x00000000e8200000)
  from space 5120K, 99% used [0x00000000e8200000,0x00000000e86fd040,0x00000000e8700000)
  to   space 15360K, 0% used [0x00000000ea900000,0x00000000ea900000,0x00000000eb800000)
 ParOldGen       total 71168K, used 23419K [0x00000000a0000000, 0x00000000a4580000, 0x00000000e0000000)
  object space 71168K, 32% used [0x00000000a0000000,0x00000000a16dec40,0x00000000a4580000)
 Metaspace       used 34564K, capacity 35296K, committed 35416K, reserved 1079296K
  class space    used 4601K, capacity 4807K, committed 4864K, reserved 1048576K
}
Event: 9.002 GC heap before
{Heap before GC invocations=7 (full 2):
 PSYoungGen      total 138240K, used 5108K [0x00000000e0000000, 0x00000000eb800000, 0x0000000100000000)
  eden space 133120K, 0% used [0x00000000e0000000,0x00000000e0000000,0x00000000e8200000)
  from space 5120K, 99% used [0x00000000e8200000,0x00000000e86fd040,0x00000000e8700000)
  to   space 15360K, 0% used [0x00000000ea900000,0x00000000ea900000,0x00000000eb800000)
 ParOldGen       total 71168K, used 23419K [0x00000000a0000000, 0x00000000a4580000, 0x00000000e0000000)
  object space 71168K, 32% used [0x00000000a0000000,0x00000000a16dec40,0x00000000a4580000)
 Metaspace       used 34564K, capacity 35296K, committed 35416K, reserved 1079296K
  class space    used 4601K, capacity 4807K, committed 4864K, reserved 1048576K
Event: 9.136 GC heap after
Heap after GC invocations=7 (full 2):
 PSYoungGen      total 138240K, used 0K [0x00000000e0000000, 0x00000000eb800000, 0x0000000100000000)
  eden space 133120K, 0% used [0x00000000e0000000,0x00000000e0000000,0x00000000e8200000)
  from space 5120K, 0% used [0x00000000e8200000,0x00000000e8200000,0x00000000e8700000)
  to   space 15360K, 0% used [0x00000000ea900000,0x00000000ea900000,0x00000000eb800000)
 ParOldGen       total 104960K, used 19119K [0x00000000a0000000, 0x00000000a6680000, 0x00000000e0000000)
  object space 104960K, 18% used [0x00000000a0000000,0x00000000a12abf50,0x00000000a6680000)
 Metaspace       used 34537K, capacity 35208K, committed 35416K, reserved 1079296K
  class space    used 4593K, capacity 4799K, committed 4864K, reserved 1048576K
}
Event: 11.453 GC heap before
{Heap before GC invocations=8 (full 2):
 PSYoungGen      total 138240K, used 133120K [0x00000000e0000000, 0x00000000eb800000, 0x0000000100000000)
  eden space 133120K, 100% used [0x00000000e0000000,0x00000000e8200000,0x00000000e8200000)
  from space 5120K, 0% used [0x00000000e8200000,0x00000000e8200000,0x00000000e8700000)
  to   space 15360K, 0% used [0x00000000ea900000,0x00000000ea900000,0x00000000eb800000)
 ParOldGen       total 104960K, used 19119K [0x00000000a0000000, 0x00000000a6680000, 0x00000000e0000000)
  object space 104960K, 18% used [0x00000000a0000000,0x00000000a12abf50,0x00000000a6680000)
 Metaspace       used 45384K, capacity 46246K, committed 46464K, reserved 1089536K
  class space    used 6031K, capacity 6267K, committed 6272K, reserved 1048576K
Event: 11.508 GC heap after
Heap after GC invocations=8 (full 2):
 PSYoungGen      total 171520K, used 13801K [0x00000000e0000000, 0x00000000ee080000, 0x0000000100000000)
  eden space 156160K, 0% used [0x00000000e0000000,0x00000000e0000000,0x00000000e9880000)
  from space 15360K, 89% used [0x00000000ea900000,0x00000000eb67a698,0x00000000eb800000)
  to   space 16896K, 0% used [0x00000000e9880000,0x00000000e9880000,0x00000000ea900000)
 ParOldGen       total 104960K, used 19127K [0x00000000a0000000, 0x00000000a6680000, 0x00000000e0000000)
  object space 104960K, 18% used [0x00000000a0000000,0x00000000a12adf50,0x00000000a6680000)
 Metaspace       used 45384K, capacity 46246K, committed 46464K, reserved 1089536K
  class space    used 6031K, capacity 6267K, committed 6272K, reserved 1048576K
}
Event: 12.417 GC heap before
{Heap before GC invocations=9 (full 2):
 PSYoungGen      total 171520K, used 169961K [0x00000000e0000000, 0x00000000ee080000, 0x0000000100000000)
  eden space 156160K, 100% used [0x00000000e0000000,0x00000000e9880000,0x00000000e9880000)
  from space 15360K, 89% used [0x00000000ea900000,0x00000000eb67a698,0x00000000eb800000)
  to   space 16896K, 0% used [0x00000000e9880000,0x00000000e9880000,0x00000000ea900000)
 ParOldGen       total 104960K, used 19127K [0x00000000a0000000, 0x00000000a6680000, 0x00000000e0000000)
  object space 104960K, 18% used [0x00000000a0000000,0x00000000a12adf50,0x00000000a6680000)
 Metaspace       used 45873K, capacity 46802K, committed 47104K, reserved 1089536K
  class space    used 6049K, capacity 6285K, committed 6400K, reserved 1048576K
Event: 12.464 GC heap after
Heap after GC invocations=9 (full 2):
 PSYoungGen      total 173056K, used 13894K [0x00000000e0000000, 0x00000000f0f80000, 0x0000000100000000)
  eden space 156160K, 0% used [0x00000000e0000000,0x00000000e0000000,0x00000000e9880000)
  from space 16896K, 82% used [0x00000000e9880000,0x00000000ea611a78,0x00000000ea900000)
  to   space 17920K, 0% used [0x00000000efe00000,0x00000000efe00000,0x00000000f0f80000)
 ParOldGen       total 104960K, used 19135K [0x00000000a0000000, 0x00000000a6680000, 0x00000000e0000000)
  object space 104960K, 18% used [0x00000000a0000000,0x00000000a12aff50,0x00000000a6680000)
 Metaspace       used 45873K, capacity 46802K, committed 47104K, reserved 1089536K
  class space    used 6049K, capacity 6285K, committed 6400K, reserved 1048576K
}

